<?xml version="1.0" encoding="UTF-8"?>

<mule xmlns:db="http://www.mulesoft.org/schema/mule/db"
	xmlns:sfdc="http://www.mulesoft.org/schema/mule/sfdc" 
	xmlns="http://www.mulesoft.org/schema/mule/core" 
	xmlns:doc="http://www.mulesoft.org/schema/mule/documentation" 
	xmlns:spring="http://www.springframework.org/schema/beans" 
	 
	xmlns:xsi="http://www.w3.org/2001/XMLSchema-instance" 
	xsi:schemaLocation="http://www.mulesoft.org/schema/mule/db http://www.mulesoft.org/schema/mule/db/current/mule-db.xsd
http://www.springframework.org/schema/beans http://www.springframework.org/schema/beans/spring-beans-current.xsd
http://www.mulesoft.org/schema/mule/core http://www.mulesoft.org/schema/mule/core/current/mule.xsd
http://www.mulesoft.org/schema/mule/sfdc http://www.mulesoft.org/schema/mule/sfdc/current/mule-sfdc.xsd">
    <sub-flow name="createAccountFlowA" >
        <sfdc:create config-ref="SalesforceA" type="Account" doc:name="Salesforce">
            <sfdc:objects ref="#[payload]"/>
        </sfdc:create>
        <logger level="INFO" message="Create Accounts in A result: #[payload]" doc:name="Logger"/>
    </sub-flow>
    <sub-flow name="createAccountFlowB" >
        <sfdc:create config-ref="SalesforceB" type="Account" doc:name="Salesforce">
            <sfdc:objects ref="#[payload]"/>
        </sfdc:create>
        <logger level="INFO" message="Create Accounts in B result: #[payload]" doc:name="Logger"/>
    </sub-flow>
    <sub-flow name="retrieveAccountFlow" >
        <sfdc:query-single config-ref="SalesforceB" query="SELECT Id, Name, NumberOfEmployees, Industry FROM Account WHERE Name = '#[payload['Name']]'" doc:name="Salesforce"/>
        <logger level="INFO" message="Retrieve Accounts result: #[payload]" doc:name="Logger"/>
    </sub-flow>
    <sub-flow name="deleteAccountFromAFlow" >
        <sfdc:delete config-ref="SalesforceA" doc:name="Salesforce">
            <sfdc:ids ref="#[payload]"/>
        </sfdc:delete>
        <logger level="INFO" message="Remove Accounts from A result: #[payload]" doc:name="Logger"/>
    </sub-flow>
    <sub-flow name="deleteAccountFromBFlow" >
        <sfdc:delete config-ref="SalesforceB" doc:name="Salesforce">
            <sfdc:ids ref="#[payload]"/>
        </sfdc:delete>
        <logger level="INFO" message="Remove Accounts from B result: #[payload]" doc:name="Logger"/>
    </sub-flow>
    <sub-flow name="selectAccountFromDB" >
        <db:select config-ref="GenericDatabaseConnector" doc:name="Database">
            <db:template-query-ref name="QueryAccount"/>
            <db:in-param name="paramName" value="#[payload['Name']]"/>
        </db:select>
        <logger level="INFO" message="Retrieve Accounts from DB result: #[payload]" doc:name="Logger"/>
    </sub-flow>    
</mule>